<?xml version="1.0" encoding="UTF-8"?>
<!-- Generated by org.testng.reporters.JUnitReportReporter -->
<testsuite hostname="Gagan" failures="0" tests="1" name="pac1.ContactTest" time="0.011" errors="0" timestamp="20 May 2024 07:54:56 GMT" skipped="0">
  <testcase classname="pac1.ContactTest" name="createContactTest" time="0.011"/>
</testsuite> <!-- pac1.ContactTest -->
