<?xml version="1.0" encoding="UTF-8"?>
<!-- Generated by org.testng.reporters.JUnitReportReporter -->
<testsuite hostname="Gagan" failures="0" tests="2" name="pac2.ContactTest" time="0.010" errors="0" timestamp="2024-05-15T15:09:34 IST" skipped="0">
  <testcase classname="pac2.ContactTest" name="modifyContactTest" time="0.001"/>
  <system-out/>
  <testcase classname="pac2.ContactTest" name="createContactTest" time="0.009"/>
  <system-out/>
</testsuite> <!-- pac2.ContactTest -->
